2025-11-11 01:39:55,168 - __main__ - WARNING - Config file not found: config/data_sources.yaml. Using defaults.
2025-11-11 01:39:55,169 - models.v2_data_pipeline.data_collectors.utils - INFO - Created directory: Data_v2/raw/fred/daily
2025-11-11 01:39:55,169 - models.v2_data_pipeline.data_collectors.utils - INFO - Created directory: Data_v2/raw/fred/monthly
2025-11-11 01:39:55,169 - models.v2_data_pipeline.data_collectors.utils - INFO - Created directory: Data_v2/raw/fred/quarterly
2025-11-11 01:39:55,169 - models.v2_data_pipeline.data_collectors.utils - INFO - Created directory: Data_v2/raw/fred/weekly
2025-11-11 01:39:55,169 - __main__ - INFO - FREDCollector initialized with 0 indicators
2025-11-11 01:39:55,169 - __main__ - INFO - Starting collection of 0 indicators
2025-11-11 01:39:55,169 - __main__ - INFO - Date range: 2000-01-01 to 2025-12-31
2025-11-11 01:39:55,169 - __main__ - INFO - Collection complete: 0 successful, 0 failed
2025-11-11 01:39:55,169 - models.v2_data_pipeline.data_collectors.utils - INFO - Metadata saved to Data_v2/raw/fred/metadata.json
2025-11-11 01:39:55,169 - __main__ - INFO - ✓ Saved 0 files to Data_v2/raw/fred
2025-11-11 01:40:00,071 - models.v2_data_pipeline.data_collectors.utils - INFO - Created directory: Data_v2/raw/fred/daily
2025-11-11 01:40:00,071 - models.v2_data_pipeline.data_collectors.utils - INFO - Created directory: Data_v2/raw/fred/monthly
2025-11-11 01:40:00,071 - models.v2_data_pipeline.data_collectors.utils - INFO - Created directory: Data_v2/raw/fred/quarterly
2025-11-11 01:40:00,071 - models.v2_data_pipeline.data_collectors.utils - INFO - Created directory: Data_v2/raw/fred/weekly
2025-11-11 01:40:00,071 - models.v2_data_pipeline.data_collectors.fred_collector - INFO - FREDCollector initialized with 32 indicators
2025-11-11 01:40:00,071 - models.v2_data_pipeline.data_collectors.fred_collector - INFO - Starting collection of 32 indicators
2025-11-11 01:40:00,071 - models.v2_data_pipeline.data_collectors.fred_collector - INFO - Date range: 2000-01-01 to 2025-12-31
2025-11-11 01:40:00,071 - models.v2_data_pipeline.data_collectors.fred_collector - INFO - Fetching GDPC1: Real GDP (Chained 2012 Dollars)
2025-11-11 01:40:00,071 - models.v2_data_pipeline.data_collectors.utils - INFO - Attempt 1/4: _fetch
2025-11-11 01:40:00,474 - models.v2_data_pipeline.data_collectors.fred_collector - INFO - ✓ GDPC1: 102 observations
2025-11-11 01:40:00,476 - models.v2_data_pipeline.data_collectors.utils - INFO - ✓ GDPC1: VALID (Completeness: 100.0%)
2025-11-11 01:40:00,476 - models.v2_data_pipeline.data_collectors.fred_collector - INFO - Fetching INDPRO: Industrial Production Index
2025-11-11 01:40:00,476 - models.v2_data_pipeline.data_collectors.utils - INFO - Attempt 1/4: _fetch
2025-11-11 01:40:01,332 - models.v2_data_pipeline.data_collectors.fred_collector - INFO - ✓ INDPRO: 308 observations
2025-11-11 01:40:01,332 - models.v2_data_pipeline.data_collectors.utils - INFO - ✓ INDPRO: VALID (Completeness: 100.0%)
2025-11-11 01:40:01,332 - models.v2_data_pipeline.data_collectors.fred_collector - INFO - Fetching CUMFSL: Capacity Utilization: Total Industry
2025-11-11 01:40:01,332 - models.v2_data_pipeline.data_collectors.utils - INFO - Attempt 1/4: _fetch
2025-11-11 01:40:02,254 - models.v2_data_pipeline.data_collectors.utils - WARNING - ✗ Attempt 1 failed: 400 Client Error: Bad Request for url: https://api.stlouisfed.org/fred/series/observations?series_id=CUMFSL&api_key=903f982f0b369cc89be7e4baf4413ae2&file_type=json&observation_start=2000-01-01&observation_end=2025-12-31
2025-11-11 01:40:02,254 - models.v2_data_pipeline.data_collectors.utils - INFO -   Retrying in 2.0 seconds...
2025-11-11 01:40:04,255 - models.v2_data_pipeline.data_collectors.utils - INFO - Attempt 2/4: _fetch
2025-11-11 01:40:04,484 - models.v2_data_pipeline.data_collectors.utils - WARNING - ✗ Attempt 2 failed: 400 Client Error: Bad Request for url: https://api.stlouisfed.org/fred/series/observations?series_id=CUMFSL&api_key=903f982f0b369cc89be7e4baf4413ae2&file_type=json&observation_start=2000-01-01&observation_end=2025-12-31
2025-11-11 01:40:04,484 - models.v2_data_pipeline.data_collectors.utils - INFO -   Retrying in 3.0 seconds...
2025-11-11 01:40:07,488 - models.v2_data_pipeline.data_collectors.utils - INFO - Attempt 3/4: _fetch
2025-11-11 01:40:07,658 - models.v2_data_pipeline.data_collectors.utils - WARNING - ✗ Attempt 3 failed: 400 Client Error: Bad Request for url: https://api.stlouisfed.org/fred/series/observations?series_id=CUMFSL&api_key=903f982f0b369cc89be7e4baf4413ae2&file_type=json&observation_start=2000-01-01&observation_end=2025-12-31
2025-11-11 01:40:07,659 - models.v2_data_pipeline.data_collectors.utils - INFO -   Retrying in 4.5 seconds...
2025-11-11 01:40:12,160 - models.v2_data_pipeline.data_collectors.utils - INFO - Attempt 4/4: _fetch
2025-11-11 01:40:12,358 - models.v2_data_pipeline.data_collectors.utils - ERROR - ✗ All 4 attempts failed: 400 Client Error: Bad Request for url: https://api.stlouisfed.org/fred/series/observations?series_id=CUMFSL&api_key=903f982f0b369cc89be7e4baf4413ae2&file_type=json&observation_start=2000-01-01&observation_end=2025-12-31
2025-11-11 01:40:12,358 - models.v2_data_pipeline.data_collectors.fred_collector - ERROR - ✗ Failed to fetch CUMFSL: 400 Client Error: Bad Request for url: https://api.stlouisfed.org/fred/series/observations?series_id=CUMFSL&api_key=903f982f0b369cc89be7e4baf4413ae2&file_type=json&observation_start=2000-01-01&observation_end=2025-12-31
2025-11-11 01:40:12,358 - models.v2_data_pipeline.data_collectors.fred_collector - INFO - Fetching IMPGS: Imports of Goods and Services
2025-11-11 01:40:12,358 - models.v2_data_pipeline.data_collectors.utils - INFO - Attempt 1/4: _fetch
2025-11-11 01:40:13,425 - models.v2_data_pipeline.data_collectors.fred_collector - INFO - ✓ IMPGS: 102 observations
2025-11-11 01:40:13,426 - models.v2_data_pipeline.data_collectors.utils - INFO - ✓ IMPGS: VALID (Completeness: 100.0%)
2025-11-11 01:40:13,426 - models.v2_data_pipeline.data_collectors.fred_collector - INFO - Fetching EXPGS: Exports of Goods and Services
2025-11-11 01:40:13,426 - models.v2_data_pipeline.data_collectors.utils - INFO - Attempt 1/4: _fetch
2025-11-11 01:40:14,412 - models.v2_data_pipeline.data_collectors.fred_collector - INFO - ✓ EXPGS: 102 observations
2025-11-11 01:40:14,413 - models.v2_data_pipeline.data_collectors.utils - INFO - ✓ EXPGS: VALID (Completeness: 100.0%)
2025-11-11 01:40:14,413 - models.v2_data_pipeline.data_collectors.fred_collector - INFO - Fetching AWHMBS: Average Weekly Hours of Production and Nonsupervisory Employees: Manufacturing
2025-11-11 01:40:14,413 - models.v2_data_pipeline.data_collectors.utils - INFO - Attempt 1/4: _fetch
2025-11-11 01:40:15,351 - models.v2_data_pipeline.data_collectors.utils - WARNING - ✗ Attempt 1 failed: 400 Client Error: Bad Request for url: https://api.stlouisfed.org/fred/series/observations?series_id=AWHMBS&api_key=903f982f0b369cc89be7e4baf4413ae2&file_type=json&observation_start=2000-01-01&observation_end=2025-12-31
2025-11-11 01:40:15,351 - models.v2_data_pipeline.data_collectors.utils - INFO -   Retrying in 2.0 seconds...
2025-11-11 01:40:17,355 - models.v2_data_pipeline.data_collectors.utils - INFO - Attempt 2/4: _fetch
2025-11-11 01:40:17,627 - models.v2_data_pipeline.data_collectors.utils - WARNING - ✗ Attempt 2 failed: 400 Client Error: Bad Request for url: https://api.stlouisfed.org/fred/series/observations?series_id=AWHMBS&api_key=903f982f0b369cc89be7e4baf4413ae2&file_type=json&observation_start=2000-01-01&observation_end=2025-12-31
2025-11-11 01:40:17,627 - models.v2_data_pipeline.data_collectors.utils - INFO -   Retrying in 3.0 seconds...
2025-11-11 01:40:20,632 - models.v2_data_pipeline.data_collectors.utils - INFO - Attempt 3/4: _fetch
2025-11-11 01:40:20,794 - models.v2_data_pipeline.data_collectors.utils - WARNING - ✗ Attempt 3 failed: 400 Client Error: Bad Request for url: https://api.stlouisfed.org/fred/series/observations?series_id=AWHMBS&api_key=903f982f0b369cc89be7e4baf4413ae2&file_type=json&observation_start=2000-01-01&observation_end=2025-12-31
2025-11-11 01:40:20,794 - models.v2_data_pipeline.data_collectors.utils - INFO -   Retrying in 4.5 seconds...
2025-11-11 01:40:25,297 - models.v2_data_pipeline.data_collectors.utils - INFO - Attempt 4/4: _fetch
2025-11-11 01:40:25,454 - models.v2_data_pipeline.data_collectors.utils - ERROR - ✗ All 4 attempts failed: 400 Client Error: Bad Request for url: https://api.stlouisfed.org/fred/series/observations?series_id=AWHMBS&api_key=903f982f0b369cc89be7e4baf4413ae2&file_type=json&observation_start=2000-01-01&observation_end=2025-12-31
2025-11-11 01:40:25,454 - models.v2_data_pipeline.data_collectors.fred_collector - ERROR - ✗ Failed to fetch AWHMBS: 400 Client Error: Bad Request for url: https://api.stlouisfed.org/fred/series/observations?series_id=AWHMBS&api_key=903f982f0b369cc89be7e4baf4413ae2&file_type=json&observation_start=2000-01-01&observation_end=2025-12-31
2025-11-11 01:40:25,454 - models.v2_data_pipeline.data_collectors.fred_collector - INFO - Fetching ICSA: Initial Claims
2025-11-11 01:40:25,454 - models.v2_data_pipeline.data_collectors.utils - INFO - Attempt 1/4: _fetch
2025-11-11 01:40:26,571 - models.v2_data_pipeline.data_collectors.fred_collector - INFO - ✓ ICSA: 1343 observations
2025-11-11 01:40:26,572 - models.v2_data_pipeline.data_collectors.utils - INFO - ✓ ICSA: VALID (Completeness: 100.0%)
2025-11-11 01:40:26,572 - models.v2_data_pipeline.data_collectors.fred_collector - INFO - Fetching PAYEMS: Total Nonfarm Payroll
2025-11-11 01:40:26,572 - models.v2_data_pipeline.data_collectors.utils - INFO - Attempt 1/4: _fetch
2025-11-11 01:40:27,560 - models.v2_data_pipeline.data_collectors.fred_collector - INFO - ✓ PAYEMS: 308 observations
2025-11-11 01:40:27,560 - models.v2_data_pipeline.data_collectors.utils - INFO - ✓ PAYEMS: VALID (Completeness: 100.0%)
2025-11-11 01:40:27,560 - models.v2_data_pipeline.data_collectors.fred_collector - INFO - Fetching UNRATE: Unemployment Rate
2025-11-11 01:40:27,561 - models.v2_data_pipeline.data_collectors.utils - INFO - Attempt 1/4: _fetch
2025-11-11 01:40:28,572 - models.v2_data_pipeline.data_collectors.fred_collector - INFO - ✓ UNRATE: 308 observations
2025-11-11 01:40:28,572 - models.v2_data_pipeline.data_collectors.utils - INFO - ✓ UNRATE: VALID (Completeness: 100.0%)
2025-11-11 01:40:28,572 - models.v2_data_pipeline.data_collectors.fred_collector - INFO - Fetching RSXFS: Retail Sales
2025-11-11 01:40:28,572 - models.v2_data_pipeline.data_collectors.utils - INFO - Attempt 1/4: _fetch
2025-11-11 01:40:29,518 - models.v2_data_pipeline.data_collectors.fred_collector - INFO - ✓ RSXFS: 308 observations
2025-11-11 01:40:29,519 - models.v2_data_pipeline.data_collectors.utils - INFO - ✓ RSXFS: VALID (Completeness: 100.0%)
2025-11-11 01:40:29,519 - models.v2_data_pipeline.data_collectors.fred_collector - INFO - Fetching W875RX1: Real Personal Income Excluding Current Transfer Receipts
2025-11-11 01:40:29,519 - models.v2_data_pipeline.data_collectors.utils - INFO - Attempt 1/4: _fetch
2025-11-11 01:40:30,558 - models.v2_data_pipeline.data_collectors.fred_collector - INFO - ✓ W875RX1: 308 observations
2025-11-11 01:40:30,559 - models.v2_data_pipeline.data_collectors.utils - INFO - ✓ W875RX1: VALID (Completeness: 100.0%)
2025-11-11 01:40:30,559 - models.v2_data_pipeline.data_collectors.fred_collector - INFO - Fetching PSAVERT: Personal Saving Rate
2025-11-11 01:40:30,559 - models.v2_data_pipeline.data_collectors.utils - INFO - Attempt 1/4: _fetch
2025-11-11 01:40:31,488 - models.v2_data_pipeline.data_collectors.fred_collector - INFO - ✓ PSAVERT: 308 observations
2025-11-11 01:40:31,489 - models.v2_data_pipeline.data_collectors.utils - INFO - ✓ PSAVERT: VALID (Completeness: 100.0%)
2025-11-11 01:40:31,490 - models.v2_data_pipeline.data_collectors.fred_collector - INFO - Fetching PERMIT: Building Permits: Total New Private Housing Units
2025-11-11 01:40:31,490 - models.v2_data_pipeline.data_collectors.utils - INFO - Attempt 1/4: _fetch
2025-11-11 01:40:32,486 - models.v2_data_pipeline.data_collectors.fred_collector - INFO - ✓ PERMIT: 308 observations
2025-11-11 01:40:32,487 - models.v2_data_pipeline.data_collectors.utils - INFO - ✓ PERMIT: VALID (Completeness: 100.0%)
2025-11-11 01:40:32,487 - models.v2_data_pipeline.data_collectors.fred_collector - INFO - Fetching HOUST: Total Housing Starts
2025-11-11 01:40:32,487 - models.v2_data_pipeline.data_collectors.utils - INFO - Attempt 1/4: _fetch
2025-11-11 01:40:33,553 - models.v2_data_pipeline.data_collectors.fred_collector - INFO - ✓ HOUST: 308 observations
2025-11-11 01:40:33,555 - models.v2_data_pipeline.data_collectors.utils - INFO - ✓ HOUST: VALID (Completeness: 100.0%)
2025-11-11 01:40:33,555 - models.v2_data_pipeline.data_collectors.fred_collector - INFO - Fetching TOTALSA: Total Housing Starts
2025-11-11 01:40:33,555 - models.v2_data_pipeline.data_collectors.utils - INFO - Attempt 1/4: _fetch
2025-11-11 01:40:34,532 - models.v2_data_pipeline.data_collectors.fred_collector - INFO - ✓ TOTALSA: 308 observations
2025-11-11 01:40:34,533 - models.v2_data_pipeline.data_collectors.utils - INFO - ✓ TOTALSA: VALID (Completeness: 100.0%)
2025-11-11 01:40:34,533 - models.v2_data_pipeline.data_collectors.fred_collector - INFO - Fetching MMNRNJ: New Manufacturing Orders
2025-11-11 01:40:34,533 - models.v2_data_pipeline.data_collectors.utils - INFO - Attempt 1/4: _fetch
2025-11-11 01:40:35,686 - models.v2_data_pipeline.data_collectors.fred_collector - INFO - ✓ MMNRNJ: 620 observations
2025-11-11 01:40:35,687 - models.v2_data_pipeline.data_collectors.utils - INFO - ✓ MMNRNJ: VALID (Completeness: 100.0%)
2025-11-11 01:40:35,687 - models.v2_data_pipeline.data_collectors.fred_collector - INFO - Fetching NAPMNPI: ISM Manufacturing New Orders Index
2025-11-11 01:40:35,687 - models.v2_data_pipeline.data_collectors.utils - INFO - Attempt 1/4: _fetch
2025-11-11 01:40:36,499 - models.v2_data_pipeline.data_collectors.utils - WARNING - ✗ Attempt 1 failed: 400 Client Error: Bad Request for url: https://api.stlouisfed.org/fred/series/observations?series_id=NAPMNPI&api_key=903f982f0b369cc89be7e4baf4413ae2&file_type=json&observation_start=2000-01-01&observation_end=2025-12-31
2025-11-11 01:40:36,499 - models.v2_data_pipeline.data_collectors.utils - INFO -   Retrying in 2.0 seconds...
2025-11-11 01:40:38,502 - models.v2_data_pipeline.data_collectors.utils - INFO - Attempt 2/4: _fetch
2025-11-11 01:40:38,678 - models.v2_data_pipeline.data_collectors.utils - WARNING - ✗ Attempt 2 failed: 400 Client Error: Bad Request for url: https://api.stlouisfed.org/fred/series/observations?series_id=NAPMNPI&api_key=903f982f0b369cc89be7e4baf4413ae2&file_type=json&observation_start=2000-01-01&observation_end=2025-12-31
2025-11-11 01:40:38,678 - models.v2_data_pipeline.data_collectors.utils - INFO -   Retrying in 3.0 seconds...
2025-11-11 01:40:41,681 - models.v2_data_pipeline.data_collectors.utils - INFO - Attempt 3/4: _fetch
2025-11-11 01:40:41,861 - models.v2_data_pipeline.data_collectors.utils - WARNING - ✗ Attempt 3 failed: 400 Client Error: Bad Request for url: https://api.stlouisfed.org/fred/series/observations?series_id=NAPMNPI&api_key=903f982f0b369cc89be7e4baf4413ae2&file_type=json&observation_start=2000-01-01&observation_end=2025-12-31
2025-11-11 01:40:41,861 - models.v2_data_pipeline.data_collectors.utils - INFO -   Retrying in 4.5 seconds...
2025-11-11 01:40:46,366 - models.v2_data_pipeline.data_collectors.utils - INFO - Attempt 4/4: _fetch
2025-11-11 01:40:46,529 - models.v2_data_pipeline.data_collectors.utils - ERROR - ✗ All 4 attempts failed: 400 Client Error: Bad Request for url: https://api.stlouisfed.org/fred/series/observations?series_id=NAPMNPI&api_key=903f982f0b369cc89be7e4baf4413ae2&file_type=json&observation_start=2000-01-01&observation_end=2025-12-31
2025-11-11 01:40:46,529 - models.v2_data_pipeline.data_collectors.fred_collector - ERROR - ✗ Failed to fetch NAPMNPI: 400 Client Error: Bad Request for url: https://api.stlouisfed.org/fred/series/observations?series_id=NAPMNPI&api_key=903f982f0b369cc89be7e4baf4413ae2&file_type=json&observation_start=2000-01-01&observation_end=2025-12-31
2025-11-11 01:40:46,529 - models.v2_data_pipeline.data_collectors.fred_collector - INFO - Fetching IMNRNJ: ISM Services PMI
2025-11-11 01:40:46,529 - models.v2_data_pipeline.data_collectors.utils - INFO - Attempt 1/4: _fetch
2025-11-11 01:40:47,540 - models.v2_data_pipeline.data_collectors.utils - WARNING - ✗ Attempt 1 failed: 400 Client Error: Bad Request for url: https://api.stlouisfed.org/fred/series/observations?series_id=IMNRNJ&api_key=903f982f0b369cc89be7e4baf4413ae2&file_type=json&observation_start=2000-01-01&observation_end=2025-12-31
2025-11-11 01:40:47,540 - models.v2_data_pipeline.data_collectors.utils - INFO -   Retrying in 2.0 seconds...
2025-11-11 01:40:49,542 - models.v2_data_pipeline.data_collectors.utils - INFO - Attempt 2/4: _fetch
2025-11-11 01:40:49,761 - models.v2_data_pipeline.data_collectors.utils - WARNING - ✗ Attempt 2 failed: 400 Client Error: Bad Request for url: https://api.stlouisfed.org/fred/series/observations?series_id=IMNRNJ&api_key=903f982f0b369cc89be7e4baf4413ae2&file_type=json&observation_start=2000-01-01&observation_end=2025-12-31
2025-11-11 01:40:49,761 - models.v2_data_pipeline.data_collectors.utils - INFO -   Retrying in 3.0 seconds...
2025-11-11 01:40:52,766 - models.v2_data_pipeline.data_collectors.utils - INFO - Attempt 3/4: _fetch
2025-11-11 01:40:52,954 - models.v2_data_pipeline.data_collectors.utils - WARNING - ✗ Attempt 3 failed: 400 Client Error: Bad Request for url: https://api.stlouisfed.org/fred/series/observations?series_id=IMNRNJ&api_key=903f982f0b369cc89be7e4baf4413ae2&file_type=json&observation_start=2000-01-01&observation_end=2025-12-31
2025-11-11 01:40:52,954 - models.v2_data_pipeline.data_collectors.utils - INFO -   Retrying in 4.5 seconds...
2025-11-11 01:40:57,458 - models.v2_data_pipeline.data_collectors.utils - INFO - Attempt 4/4: _fetch
2025-11-11 01:40:57,630 - models.v2_data_pipeline.data_collectors.utils - ERROR - ✗ All 4 attempts failed: 400 Client Error: Bad Request for url: https://api.stlouisfed.org/fred/series/observations?series_id=IMNRNJ&api_key=903f982f0b369cc89be7e4baf4413ae2&file_type=json&observation_start=2000-01-01&observation_end=2025-12-31
2025-11-11 01:40:57,630 - models.v2_data_pipeline.data_collectors.fred_collector - ERROR - ✗ Failed to fetch IMNRNJ: 400 Client Error: Bad Request for url: https://api.stlouisfed.org/fred/series/observations?series_id=IMNRNJ&api_key=903f982f0b369cc89be7e4baf4413ae2&file_type=json&observation_start=2000-01-01&observation_end=2025-12-31
2025-11-11 01:40:57,630 - models.v2_data_pipeline.data_collectors.fred_collector - INFO - Fetching UMCSENT: University of Michigan: Consumer Sentiment Index
2025-11-11 01:40:57,630 - models.v2_data_pipeline.data_collectors.utils - INFO - Attempt 1/4: _fetch
2025-11-11 01:40:58,645 - models.v2_data_pipeline.data_collectors.fred_collector - INFO - ✓ UMCSENT: 309 observations
2025-11-11 01:40:58,646 - models.v2_data_pipeline.data_collectors.utils - INFO - ✓ UMCSENT: VALID (Completeness: 100.0%)
2025-11-11 01:40:58,647 - models.v2_data_pipeline.data_collectors.fred_collector - INFO - Fetching VIXCLS: CBOE Volatility Index (VIX)
2025-11-11 01:40:58,647 - models.v2_data_pipeline.data_collectors.utils - INFO - Attempt 1/4: _fetch
2025-11-11 01:40:59,720 - models.v2_data_pipeline.data_collectors.fred_collector - INFO - ✓ VIXCLS: 6530 observations
2025-11-11 01:40:59,721 - models.v2_data_pipeline.data_collectors.utils - INFO - ✓ VIXCLS: VALID (Completeness: 100.0%)
2025-11-11 01:40:59,721 - models.v2_data_pipeline.data_collectors.fred_collector - INFO - Fetching CONFSL: Conference Board Consumer Confidence Index
2025-11-11 01:40:59,721 - models.v2_data_pipeline.data_collectors.utils - INFO - Attempt 1/4: _fetch
2025-11-11 01:41:00,635 - models.v2_data_pipeline.data_collectors.utils - WARNING - ✗ Attempt 1 failed: 400 Client Error: Bad Request for url: https://api.stlouisfed.org/fred/series/observations?series_id=CONFSL&api_key=903f982f0b369cc89be7e4baf4413ae2&file_type=json&observation_start=2000-01-01&observation_end=2025-12-31
2025-11-11 01:41:00,635 - models.v2_data_pipeline.data_collectors.utils - INFO -   Retrying in 2.0 seconds...
2025-11-11 01:41:02,640 - models.v2_data_pipeline.data_collectors.utils - INFO - Attempt 2/4: _fetch
2025-11-11 01:41:02,846 - models.v2_data_pipeline.data_collectors.utils - WARNING - ✗ Attempt 2 failed: 400 Client Error: Bad Request for url: https://api.stlouisfed.org/fred/series/observations?series_id=CONFSL&api_key=903f982f0b369cc89be7e4baf4413ae2&file_type=json&observation_start=2000-01-01&observation_end=2025-12-31
2025-11-11 01:41:02,847 - models.v2_data_pipeline.data_collectors.utils - INFO -   Retrying in 3.0 seconds...
2025-11-11 01:41:05,853 - models.v2_data_pipeline.data_collectors.utils - INFO - Attempt 3/4: _fetch
2025-11-11 01:41:06,014 - models.v2_data_pipeline.data_collectors.utils - WARNING - ✗ Attempt 3 failed: 400 Client Error: Bad Request for url: https://api.stlouisfed.org/fred/series/observations?series_id=CONFSL&api_key=903f982f0b369cc89be7e4baf4413ae2&file_type=json&observation_start=2000-01-01&observation_end=2025-12-31
2025-11-11 01:41:06,014 - models.v2_data_pipeline.data_collectors.utils - INFO -   Retrying in 4.5 seconds...
2025-11-11 01:41:10,515 - models.v2_data_pipeline.data_collectors.utils - INFO - Attempt 4/4: _fetch
2025-11-11 01:41:10,689 - models.v2_data_pipeline.data_collectors.utils - ERROR - ✗ All 4 attempts failed: 400 Client Error: Bad Request for url: https://api.stlouisfed.org/fred/series/observations?series_id=CONFSL&api_key=903f982f0b369cc89be7e4baf4413ae2&file_type=json&observation_start=2000-01-01&observation_end=2025-12-31
2025-11-11 01:41:10,690 - models.v2_data_pipeline.data_collectors.fred_collector - ERROR - ✗ Failed to fetch CONFSL: 400 Client Error: Bad Request for url: https://api.stlouisfed.org/fred/series/observations?series_id=CONFSL&api_key=903f982f0b369cc89be7e4baf4413ae2&file_type=json&observation_start=2000-01-01&observation_end=2025-12-31
2025-11-11 01:41:10,690 - models.v2_data_pipeline.data_collectors.fred_collector - INFO - Fetching DGS10: 10-Year Treasury Constant Maturity Rate
2025-11-11 01:41:10,690 - models.v2_data_pipeline.data_collectors.utils - INFO - Attempt 1/4: _fetch
2025-11-11 01:41:11,766 - models.v2_data_pipeline.data_collectors.fred_collector - INFO - ✓ DGS10: 6467 observations
2025-11-11 01:41:11,768 - models.v2_data_pipeline.data_collectors.utils - INFO - ✓ DGS10: VALID (Completeness: 100.0%)
2025-11-11 01:41:11,769 - models.v2_data_pipeline.data_collectors.fred_collector - INFO - Fetching DGS2: 2-Year Treasury Constant Maturity Rate
2025-11-11 01:41:11,769 - models.v2_data_pipeline.data_collectors.utils - INFO - Attempt 1/4: _fetch
2025-11-11 01:41:12,758 - models.v2_data_pipeline.data_collectors.fred_collector - INFO - ✓ DGS2: 6467 observations
2025-11-11 01:41:12,758 - models.v2_data_pipeline.data_collectors.utils - INFO - ✓ DGS2: VALID (Completeness: 100.0%)
2025-11-11 01:41:12,759 - models.v2_data_pipeline.data_collectors.fred_collector - INFO - Fetching DGS3MO: 3-Month Treasury Bill Secondary Market Rate
2025-11-11 01:41:12,759 - models.v2_data_pipeline.data_collectors.utils - INFO - Attempt 1/4: _fetch
2025-11-11 01:41:13,812 - models.v2_data_pipeline.data_collectors.fred_collector - INFO - ✓ DGS3MO: 6467 observations
2025-11-11 01:41:13,813 - models.v2_data_pipeline.data_collectors.utils - INFO - ✓ DGS3MO: VALID (Completeness: 100.0%)
2025-11-11 01:41:13,813 - models.v2_data_pipeline.data_collectors.fred_collector - INFO - Fetching FEDFUNDS: Effective Federal Funds Rate
2025-11-11 01:41:13,813 - models.v2_data_pipeline.data_collectors.utils - INFO - Attempt 1/4: _fetch
2025-11-11 01:41:14,769 - models.v2_data_pipeline.data_collectors.fred_collector - INFO - ✓ FEDFUNDS: 310 observations
2025-11-11 01:41:14,770 - models.v2_data_pipeline.data_collectors.utils - INFO - ✓ FEDFUNDS: VALID (Completeness: 100.0%)
2025-11-11 01:41:14,770 - models.v2_data_pipeline.data_collectors.fred_collector - INFO - Fetching T10Y2Y: 10-Year Minus 2-Year Treasury Spread
2025-11-11 01:41:14,770 - models.v2_data_pipeline.data_collectors.utils - INFO - Attempt 1/4: _fetch
2025-11-11 01:41:15,875 - models.v2_data_pipeline.data_collectors.fred_collector - INFO - ✓ T10Y2Y: 6468 observations
2025-11-11 01:41:15,876 - models.v2_data_pipeline.data_collectors.utils - INFO - ✓ T10Y2Y: VALID (Completeness: 100.0%)
2025-11-11 01:41:15,877 - models.v2_data_pipeline.data_collectors.fred_collector - INFO - Fetching T10Y3M: 10-Year Minus 3-Month Treasury Spread
2025-11-11 01:41:15,877 - models.v2_data_pipeline.data_collectors.utils - INFO - Attempt 1/4: _fetch
2025-11-11 01:41:16,887 - models.v2_data_pipeline.data_collectors.fred_collector - INFO - ✓ T10Y3M: 6468 observations
2025-11-11 01:41:16,888 - models.v2_data_pipeline.data_collectors.utils - INFO - ✓ T10Y3M: VALID (Completeness: 100.0%)
2025-11-11 01:41:16,889 - models.v2_data_pipeline.data_collectors.fred_collector - INFO - Fetching BAMLH0A0HYM2: BofA US High Yield OAS
2025-11-11 01:41:16,889 - models.v2_data_pipeline.data_collectors.utils - INFO - Attempt 1/4: _fetch
2025-11-11 01:41:17,851 - models.v2_data_pipeline.data_collectors.fred_collector - INFO - ✓ BAMLH0A0HYM2: 6750 observations
2025-11-11 01:41:17,853 - models.v2_data_pipeline.data_collectors.utils - INFO - ✓ BAMLH0A0HYM2: VALID (Completeness: 100.0%)
2025-11-11 01:41:17,853 - models.v2_data_pipeline.data_collectors.fred_collector - INFO - Fetching SP500: S&P 500 Index
2025-11-11 01:41:17,853 - models.v2_data_pipeline.data_collectors.utils - INFO - Attempt 1/4: _fetch
2025-11-11 01:41:18,835 - models.v2_data_pipeline.data_collectors.fred_collector - INFO - ✓ SP500: 2514 observations
2025-11-11 01:41:18,837 - models.v2_data_pipeline.data_collectors.utils - INFO - ✓ SP500: VALID (Completeness: 100.0%)
2025-11-11 01:41:18,838 - models.v2_data_pipeline.data_collectors.fred_collector - INFO - Fetching M2SL: Money Supply: M2
2025-11-11 01:41:18,838 - models.v2_data_pipeline.data_collectors.utils - INFO - Attempt 1/4: _fetch
2025-11-11 01:41:19,728 - models.v2_data_pipeline.data_collectors.fred_collector - INFO - ✓ M2SL: 309 observations
2025-11-11 01:41:19,729 - models.v2_data_pipeline.data_collectors.utils - INFO - ✓ M2SL: VALID (Completeness: 100.0%)
2025-11-11 01:41:19,729 - models.v2_data_pipeline.data_collectors.fred_collector - INFO - Fetching CPIAUCSL: Consumer Price Index: All Urban Consumers
2025-11-11 01:41:19,729 - models.v2_data_pipeline.data_collectors.utils - INFO - Attempt 1/4: _fetch
2025-11-11 01:41:20,749 - models.v2_data_pipeline.data_collectors.fred_collector - INFO - ✓ CPIAUCSL: 309 observations
2025-11-11 01:41:20,750 - models.v2_data_pipeline.data_collectors.utils - INFO - ✓ CPIAUCSL: VALID (Completeness: 100.0%)
2025-11-11 01:41:20,750 - models.v2_data_pipeline.data_collectors.fred_collector - INFO - Fetching USEPUINDXD: Economic Policy Uncertainty Index
2025-11-11 01:41:20,750 - models.v2_data_pipeline.data_collectors.utils - INFO - Attempt 1/4: _fetch
2025-11-11 01:41:21,971 - models.v2_data_pipeline.data_collectors.fred_collector - INFO - ✓ USEPUINDXD: 9445 observations
2025-11-11 01:41:21,972 - models.v2_data_pipeline.data_collectors.utils - INFO - ✓ USEPUINDXD: VALID (Completeness: 100.0%)
2025-11-11 01:41:21,973 - models.v2_data_pipeline.data_collectors.fred_collector - INFO - Collection complete: 27 successful, 5 failed
2025-11-11 01:41:21,976 - models.v2_data_pipeline.data_collectors.fred_collector - INFO - Saved: Data_v2/raw/fred/q/GDPC1.csv
2025-11-11 01:41:21,977 - models.v2_data_pipeline.data_collectors.fred_collector - INFO - Saved: Data_v2/raw/fred/m/INDPRO.csv
2025-11-11 01:41:21,978 - models.v2_data_pipeline.data_collectors.fred_collector - INFO - Saved: Data_v2/raw/fred/m/IMPGS.csv
2025-11-11 01:41:21,978 - models.v2_data_pipeline.data_collectors.fred_collector - INFO - Saved: Data_v2/raw/fred/m/EXPGS.csv
2025-11-11 01:41:21,980 - models.v2_data_pipeline.data_collectors.fred_collector - INFO - Saved: Data_v2/raw/fred/w/ICSA.csv
2025-11-11 01:41:21,980 - models.v2_data_pipeline.data_collectors.fred_collector - INFO - Saved: Data_v2/raw/fred/m/PAYEMS.csv
2025-11-11 01:41:21,981 - models.v2_data_pipeline.data_collectors.fred_collector - INFO - Saved: Data_v2/raw/fred/m/UNRATE.csv
2025-11-11 01:41:21,986 - models.v2_data_pipeline.data_collectors.fred_collector - INFO - Saved: Data_v2/raw/fred/m/RSXFS.csv
2025-11-11 01:41:21,987 - models.v2_data_pipeline.data_collectors.fred_collector - INFO - Saved: Data_v2/raw/fred/m/W875RX1.csv
2025-11-11 01:41:21,988 - models.v2_data_pipeline.data_collectors.fred_collector - INFO - Saved: Data_v2/raw/fred/m/PSAVERT.csv
2025-11-11 01:41:21,989 - models.v2_data_pipeline.data_collectors.fred_collector - INFO - Saved: Data_v2/raw/fred/m/PERMIT.csv
2025-11-11 01:41:21,989 - models.v2_data_pipeline.data_collectors.fred_collector - INFO - Saved: Data_v2/raw/fred/m/HOUST.csv
2025-11-11 01:41:21,990 - models.v2_data_pipeline.data_collectors.fred_collector - INFO - Saved: Data_v2/raw/fred/m/TOTALSA.csv
2025-11-11 01:41:21,991 - models.v2_data_pipeline.data_collectors.fred_collector - INFO - Saved: Data_v2/raw/fred/m/MMNRNJ.csv
2025-11-11 01:41:21,992 - models.v2_data_pipeline.data_collectors.fred_collector - INFO - Saved: Data_v2/raw/fred/m/UMCSENT.csv
2025-11-11 01:41:21,998 - models.v2_data_pipeline.data_collectors.fred_collector - INFO - Saved: Data_v2/raw/fred/d/VIXCLS.csv
2025-11-11 01:41:22,006 - models.v2_data_pipeline.data_collectors.fred_collector - INFO - Saved: Data_v2/raw/fred/d/DGS10.csv
2025-11-11 01:41:22,013 - models.v2_data_pipeline.data_collectors.fred_collector - INFO - Saved: Data_v2/raw/fred/d/DGS2.csv
2025-11-11 01:41:22,019 - models.v2_data_pipeline.data_collectors.fred_collector - INFO - Saved: Data_v2/raw/fred/d/DGS3MO.csv
2025-11-11 01:41:22,020 - models.v2_data_pipeline.data_collectors.fred_collector - INFO - Saved: Data_v2/raw/fred/d/FEDFUNDS.csv
2025-11-11 01:41:22,026 - models.v2_data_pipeline.data_collectors.fred_collector - INFO - Saved: Data_v2/raw/fred/d/T10Y2Y.csv
2025-11-11 01:41:22,033 - models.v2_data_pipeline.data_collectors.fred_collector - INFO - Saved: Data_v2/raw/fred/d/T10Y3M.csv
2025-11-11 01:41:22,039 - models.v2_data_pipeline.data_collectors.fred_collector - INFO - Saved: Data_v2/raw/fred/d/BAMLH0A0HYM2.csv
2025-11-11 01:41:22,042 - models.v2_data_pipeline.data_collectors.fred_collector - INFO - Saved: Data_v2/raw/fred/d/SP500.csv
2025-11-11 01:41:22,043 - models.v2_data_pipeline.data_collectors.fred_collector - INFO - Saved: Data_v2/raw/fred/w/M2SL.csv
2025-11-11 01:41:22,043 - models.v2_data_pipeline.data_collectors.fred_collector - INFO - Saved: Data_v2/raw/fred/m/CPIAUCSL.csv
2025-11-11 01:41:22,052 - models.v2_data_pipeline.data_collectors.fred_collector - INFO - Saved: Data_v2/raw/fred/d/USEPUINDXD.csv
2025-11-11 01:41:22,053 - models.v2_data_pipeline.data_collectors.utils - INFO - Metadata saved to Data_v2/raw/fred/metadata.json
2025-11-11 01:41:22,053 - models.v2_data_pipeline.data_collectors.fred_collector - INFO - ✓ Saved 27 files to Data_v2/raw/fred
2025-11-11 01:41:30,532 - models.v2_data_pipeline.data_collectors.utils - INFO - Created directory: Data_v2/raw/oecd/gdp
2025-11-11 01:41:30,533 - models.v2_data_pipeline.data_collectors.utils - INFO - Created directory: Data_v2/raw/oecd/employment
2025-11-11 01:41:30,533 - models.v2_data_pipeline.data_collectors.utils - INFO - Created directory: Data_v2/raw/oecd/trade
2025-11-11 01:41:30,533 - models.v2_data_pipeline.data_collectors.utils - INFO - Created directory: Data_v2/raw/oecd/production
2025-11-11 01:41:30,533 - models.v2_data_pipeline.data_collectors.utils - INFO - Created directory: Data_v2/raw/oecd/consumption
2025-11-11 01:41:30,533 - models.v2_data_pipeline.data_collectors.oecd_collector - INFO - OECDCollector initialized for 7 G7 countries
2025-11-11 01:41:30,533 - models.v2_data_pipeline.data_collectors.oecd_collector - INFO - Collecting data for United States (USA)
2025-11-11 01:41:30,533 - models.v2_data_pipeline.data_collectors.oecd_collector - INFO - Fetching OECD QNA: GDP for USA
2025-11-11 01:41:30,533 - models.v2_data_pipeline.data_collectors.utils - INFO - Attempt 1/4: _fetch
2025-11-11 01:41:31,872 - models.v2_data_pipeline.data_collectors.oecd_collector - WARNING - No observations returned for GDP (USA)
2025-11-11 01:41:31,873 - models.v2_data_pipeline.data_collectors.oecd_collector - INFO - Fetching OECD QNA: HFCEXP for USA
2025-11-11 01:41:31,873 - models.v2_data_pipeline.data_collectors.utils - INFO - Attempt 1/4: _fetch
2025-11-11 01:41:33,225 - models.v2_data_pipeline.data_collectors.oecd_collector - WARNING - No observations returned for HFCEXP (USA)
2025-11-11 01:41:33,226 - models.v2_data_pipeline.data_collectors.oecd_collector - INFO - Fetching OECD QNA: GFCF for USA
2025-11-11 01:41:33,226 - models.v2_data_pipeline.data_collectors.utils - INFO - Attempt 1/4: _fetch
2025-11-11 01:41:35,337 - models.v2_data_pipeline.data_collectors.oecd_collector - WARNING - No observations returned for GFCF (USA)
2025-11-11 01:41:35,339 - models.v2_data_pipeline.data_collectors.oecd_collector - INFO - Fetching OECD QNA: XGSV for USA
2025-11-11 01:41:35,339 - models.v2_data_pipeline.data_collectors.utils - INFO - Attempt 1/4: _fetch
2025-11-11 01:41:37,399 - models.v2_data_pipeline.data_collectors.oecd_collector - WARNING - No observations returned for XGSV (USA)
2025-11-11 01:41:37,401 - models.v2_data_pipeline.data_collectors.oecd_collector - INFO - Fetching OECD QNA: MGSV for USA
2025-11-11 01:41:37,401 - models.v2_data_pipeline.data_collectors.utils - INFO - Attempt 1/4: _fetch
2025-11-11 01:41:39,343 - models.v2_data_pipeline.data_collectors.oecd_collector - WARNING - No observations returned for MGSV (USA)
2025-11-11 01:41:39,344 - models.v2_data_pipeline.data_collectors.oecd_collector - INFO - Fetching OECD Employment: USA
2025-11-11 01:41:39,344 - models.v2_data_pipeline.data_collectors.utils - INFO - Attempt 1/4: _fetch
2025-11-11 01:41:46,775 - models.v2_data_pipeline.data_collectors.oecd_collector - INFO - Collecting data for Canada (CAN)
2025-11-11 01:41:46,776 - models.v2_data_pipeline.data_collectors.oecd_collector - INFO - Fetching OECD QNA: GDP for CAN
2025-11-11 01:41:46,776 - models.v2_data_pipeline.data_collectors.utils - INFO - Attempt 1/4: _fetch
2025-11-11 01:41:47,736 - models.v2_data_pipeline.data_collectors.oecd_collector - WARNING - No observations returned for GDP (CAN)
2025-11-11 01:41:47,738 - models.v2_data_pipeline.data_collectors.oecd_collector - INFO - Fetching OECD QNA: HFCEXP for CAN
2025-11-11 01:41:47,738 - models.v2_data_pipeline.data_collectors.utils - INFO - Attempt 1/4: _fetch
2025-11-11 01:41:49,439 - models.v2_data_pipeline.data_collectors.oecd_collector - WARNING - No observations returned for HFCEXP (CAN)
2025-11-11 01:41:49,441 - models.v2_data_pipeline.data_collectors.oecd_collector - INFO - Fetching OECD QNA: GFCF for CAN
2025-11-11 01:41:49,441 - models.v2_data_pipeline.data_collectors.utils - INFO - Attempt 1/4: _fetch
2025-11-11 01:41:51,598 - models.v2_data_pipeline.data_collectors.oecd_collector - WARNING - No observations returned for GFCF (CAN)
2025-11-11 01:41:51,599 - models.v2_data_pipeline.data_collectors.oecd_collector - INFO - Fetching OECD QNA: XGSV for CAN
2025-11-11 01:41:51,599 - models.v2_data_pipeline.data_collectors.utils - INFO - Attempt 1/4: _fetch
2025-11-11 01:41:53,628 - models.v2_data_pipeline.data_collectors.oecd_collector - WARNING - No observations returned for XGSV (CAN)
2025-11-11 01:41:53,630 - models.v2_data_pipeline.data_collectors.oecd_collector - INFO - Fetching OECD QNA: MGSV for CAN
2025-11-11 01:41:53,630 - models.v2_data_pipeline.data_collectors.utils - INFO - Attempt 1/4: _fetch
2025-11-11 01:41:55,634 - models.v2_data_pipeline.data_collectors.oecd_collector - WARNING - No observations returned for MGSV (CAN)
2025-11-11 01:41:55,635 - models.v2_data_pipeline.data_collectors.oecd_collector - INFO - Fetching OECD Employment: CAN
2025-11-11 01:41:55,635 - models.v2_data_pipeline.data_collectors.utils - INFO - Attempt 1/4: _fetch
2025-11-11 01:42:02,584 - models.v2_data_pipeline.data_collectors.oecd_collector - INFO - Collecting data for Japan (JPN)
2025-11-11 01:42:02,585 - models.v2_data_pipeline.data_collectors.oecd_collector - INFO - Fetching OECD QNA: GDP for JPN
2025-11-11 01:42:02,585 - models.v2_data_pipeline.data_collectors.utils - INFO - Attempt 1/4: _fetch
2025-11-11 01:42:03,275 - models.v2_data_pipeline.data_collectors.oecd_collector - WARNING - No observations returned for GDP (JPN)
2025-11-11 01:42:03,276 - models.v2_data_pipeline.data_collectors.oecd_collector - INFO - Fetching OECD QNA: HFCEXP for JPN
2025-11-11 01:42:03,276 - models.v2_data_pipeline.data_collectors.utils - INFO - Attempt 1/4: _fetch
2025-11-11 01:42:05,320 - models.v2_data_pipeline.data_collectors.oecd_collector - WARNING - No observations returned for HFCEXP (JPN)
2025-11-11 01:42:05,322 - models.v2_data_pipeline.data_collectors.oecd_collector - INFO - Fetching OECD QNA: GFCF for JPN
2025-11-11 01:42:05,322 - models.v2_data_pipeline.data_collectors.utils - INFO - Attempt 1/4: _fetch
2025-11-11 01:42:07,320 - models.v2_data_pipeline.data_collectors.oecd_collector - WARNING - No observations returned for GFCF (JPN)
2025-11-11 01:42:07,322 - models.v2_data_pipeline.data_collectors.oecd_collector - INFO - Fetching OECD QNA: XGSV for JPN
2025-11-11 01:42:07,322 - models.v2_data_pipeline.data_collectors.utils - INFO - Attempt 1/4: _fetch
2025-11-11 01:42:09,365 - models.v2_data_pipeline.data_collectors.oecd_collector - WARNING - No observations returned for XGSV (JPN)
2025-11-11 01:42:09,367 - models.v2_data_pipeline.data_collectors.oecd_collector - INFO - Fetching OECD QNA: MGSV for JPN
2025-11-11 01:42:09,367 - models.v2_data_pipeline.data_collectors.utils - INFO - Attempt 1/4: _fetch
2025-11-11 01:42:11,490 - models.v2_data_pipeline.data_collectors.oecd_collector - WARNING - No observations returned for MGSV (JPN)
2025-11-11 01:42:11,504 - models.v2_data_pipeline.data_collectors.oecd_collector - INFO - Fetching OECD Employment: JPN
2025-11-11 01:42:11,505 - models.v2_data_pipeline.data_collectors.utils - INFO - Attempt 1/4: _fetch
2025-11-11 01:42:18,015 - models.v2_data_pipeline.data_collectors.oecd_collector - INFO - Collecting data for United Kingdom (GBR)
2025-11-11 01:42:18,016 - models.v2_data_pipeline.data_collectors.oecd_collector - INFO - Fetching OECD QNA: GDP for GBR
2025-11-11 01:42:18,016 - models.v2_data_pipeline.data_collectors.utils - INFO - Attempt 1/4: _fetch
2025-11-11 01:42:18,788 - models.v2_data_pipeline.data_collectors.oecd_collector - WARNING - No observations returned for GDP (GBR)
2025-11-11 01:42:18,790 - models.v2_data_pipeline.data_collectors.oecd_collector - INFO - Fetching OECD QNA: HFCEXP for GBR
2025-11-11 01:42:18,790 - models.v2_data_pipeline.data_collectors.utils - INFO - Attempt 1/4: _fetch
2025-11-11 01:42:20,745 - models.v2_data_pipeline.data_collectors.oecd_collector - WARNING - No observations returned for HFCEXP (GBR)
2025-11-11 01:42:20,747 - models.v2_data_pipeline.data_collectors.oecd_collector - INFO - Fetching OECD QNA: GFCF for GBR
2025-11-11 01:42:20,747 - models.v2_data_pipeline.data_collectors.utils - INFO - Attempt 1/4: _fetch
2025-11-11 01:42:22,885 - models.v2_data_pipeline.data_collectors.oecd_collector - WARNING - No observations returned for GFCF (GBR)
2025-11-11 01:42:22,887 - models.v2_data_pipeline.data_collectors.oecd_collector - INFO - Fetching OECD QNA: XGSV for GBR
2025-11-11 01:42:22,887 - models.v2_data_pipeline.data_collectors.utils - INFO - Attempt 1/4: _fetch
2025-11-11 01:42:24,731 - models.v2_data_pipeline.data_collectors.oecd_collector - WARNING - No observations returned for XGSV (GBR)
2025-11-11 01:42:24,733 - models.v2_data_pipeline.data_collectors.oecd_collector - INFO - Fetching OECD QNA: MGSV for GBR
2025-11-11 01:42:24,733 - models.v2_data_pipeline.data_collectors.utils - INFO - Attempt 1/4: _fetch
2025-11-11 01:42:26,780 - models.v2_data_pipeline.data_collectors.oecd_collector - WARNING - No observations returned for MGSV (GBR)
2025-11-11 01:42:26,782 - models.v2_data_pipeline.data_collectors.oecd_collector - INFO - Fetching OECD Employment: GBR
2025-11-11 01:42:26,782 - models.v2_data_pipeline.data_collectors.utils - INFO - Attempt 1/4: _fetch
2025-11-11 01:42:33,389 - models.v2_data_pipeline.data_collectors.oecd_collector - INFO - Collecting data for France (FRA)
2025-11-11 01:42:33,390 - models.v2_data_pipeline.data_collectors.oecd_collector - INFO - Fetching OECD QNA: GDP for FRA
2025-11-11 01:42:33,390 - models.v2_data_pipeline.data_collectors.utils - INFO - Attempt 1/4: _fetch
2025-11-11 01:42:34,216 - models.v2_data_pipeline.data_collectors.oecd_collector - WARNING - No observations returned for GDP (FRA)
2025-11-11 01:42:34,217 - models.v2_data_pipeline.data_collectors.oecd_collector - INFO - Fetching OECD QNA: HFCEXP for FRA
2025-11-11 01:42:34,218 - models.v2_data_pipeline.data_collectors.utils - INFO - Attempt 1/4: _fetch
2025-11-11 01:42:36,196 - models.v2_data_pipeline.data_collectors.oecd_collector - WARNING - No observations returned for HFCEXP (FRA)
2025-11-11 01:42:36,197 - models.v2_data_pipeline.data_collectors.oecd_collector - INFO - Fetching OECD QNA: GFCF for FRA
2025-11-11 01:42:36,197 - models.v2_data_pipeline.data_collectors.utils - INFO - Attempt 1/4: _fetch
2025-11-11 01:42:38,313 - models.v2_data_pipeline.data_collectors.oecd_collector - WARNING - No observations returned for GFCF (FRA)
2025-11-11 01:42:38,315 - models.v2_data_pipeline.data_collectors.oecd_collector - INFO - Fetching OECD QNA: XGSV for FRA
2025-11-11 01:42:38,315 - models.v2_data_pipeline.data_collectors.utils - INFO - Attempt 1/4: _fetch
2025-11-11 01:42:40,138 - models.v2_data_pipeline.data_collectors.oecd_collector - WARNING - No observations returned for XGSV (FRA)
2025-11-11 01:42:40,140 - models.v2_data_pipeline.data_collectors.oecd_collector - INFO - Fetching OECD QNA: MGSV for FRA
2025-11-11 01:42:40,140 - models.v2_data_pipeline.data_collectors.utils - INFO - Attempt 1/4: _fetch
2025-11-11 01:42:42,234 - models.v2_data_pipeline.data_collectors.oecd_collector - WARNING - No observations returned for MGSV (FRA)
2025-11-11 01:42:42,235 - models.v2_data_pipeline.data_collectors.oecd_collector - INFO - Fetching OECD Employment: FRA
2025-11-11 01:42:42,235 - models.v2_data_pipeline.data_collectors.utils - INFO - Attempt 1/4: _fetch
2025-11-11 01:42:48,857 - models.v2_data_pipeline.data_collectors.oecd_collector - INFO - Collecting data for Germany (DEU)
2025-11-11 01:42:48,857 - models.v2_data_pipeline.data_collectors.oecd_collector - INFO - Fetching OECD QNA: GDP for DEU
2025-11-11 01:42:48,857 - models.v2_data_pipeline.data_collectors.utils - INFO - Attempt 1/4: _fetch
2025-11-11 01:42:49,793 - models.v2_data_pipeline.data_collectors.oecd_collector - WARNING - No observations returned for GDP (DEU)
2025-11-11 01:42:49,794 - models.v2_data_pipeline.data_collectors.oecd_collector - INFO - Fetching OECD QNA: HFCEXP for DEU
2025-11-11 01:42:49,794 - models.v2_data_pipeline.data_collectors.utils - INFO - Attempt 1/4: _fetch
2025-11-11 01:42:51,764 - models.v2_data_pipeline.data_collectors.oecd_collector - WARNING - No observations returned for HFCEXP (DEU)
2025-11-11 01:42:51,765 - models.v2_data_pipeline.data_collectors.oecd_collector - INFO - Fetching OECD QNA: GFCF for DEU
2025-11-11 01:42:51,765 - models.v2_data_pipeline.data_collectors.utils - INFO - Attempt 1/4: _fetch
2025-11-11 01:42:53,534 - models.v2_data_pipeline.data_collectors.oecd_collector - WARNING - No observations returned for GFCF (DEU)
2025-11-11 01:42:53,536 - models.v2_data_pipeline.data_collectors.oecd_collector - INFO - Fetching OECD QNA: XGSV for DEU
2025-11-11 01:42:53,536 - models.v2_data_pipeline.data_collectors.utils - INFO - Attempt 1/4: _fetch
2025-11-11 01:42:55,697 - models.v2_data_pipeline.data_collectors.oecd_collector - WARNING - No observations returned for XGSV (DEU)
2025-11-11 01:42:55,699 - models.v2_data_pipeline.data_collectors.oecd_collector - INFO - Fetching OECD QNA: MGSV for DEU
2025-11-11 01:42:55,699 - models.v2_data_pipeline.data_collectors.utils - INFO - Attempt 1/4: _fetch
2025-11-11 01:42:57,649 - models.v2_data_pipeline.data_collectors.oecd_collector - WARNING - No observations returned for MGSV (DEU)
2025-11-11 01:42:57,650 - models.v2_data_pipeline.data_collectors.oecd_collector - INFO - Fetching OECD Employment: DEU
2025-11-11 01:42:57,651 - models.v2_data_pipeline.data_collectors.utils - INFO - Attempt 1/4: _fetch
2025-11-11 01:43:04,332 - models.v2_data_pipeline.data_collectors.oecd_collector - INFO - Collecting data for Italy (ITA)
2025-11-11 01:43:04,333 - models.v2_data_pipeline.data_collectors.oecd_collector - INFO - Fetching OECD QNA: GDP for ITA
2025-11-11 01:43:04,333 - models.v2_data_pipeline.data_collectors.utils - INFO - Attempt 1/4: _fetch
2025-11-11 01:43:05,572 - models.v2_data_pipeline.data_collectors.oecd_collector - WARNING - No observations returned for GDP (ITA)
2025-11-11 01:43:05,574 - models.v2_data_pipeline.data_collectors.oecd_collector - INFO - Fetching OECD QNA: HFCEXP for ITA
2025-11-11 01:43:05,574 - models.v2_data_pipeline.data_collectors.utils - INFO - Attempt 1/4: _fetch
2025-11-11 01:43:07,061 - models.v2_data_pipeline.data_collectors.oecd_collector - WARNING - No observations returned for HFCEXP (ITA)
2025-11-11 01:43:07,063 - models.v2_data_pipeline.data_collectors.oecd_collector - INFO - Fetching OECD QNA: GFCF for ITA
2025-11-11 01:43:07,063 - models.v2_data_pipeline.data_collectors.utils - INFO - Attempt 1/4: _fetch
2025-11-11 01:43:09,302 - models.v2_data_pipeline.data_collectors.oecd_collector - WARNING - No observations returned for GFCF (ITA)
2025-11-11 01:43:09,303 - models.v2_data_pipeline.data_collectors.oecd_collector - INFO - Fetching OECD QNA: XGSV for ITA
2025-11-11 01:43:09,304 - models.v2_data_pipeline.data_collectors.utils - INFO - Attempt 1/4: _fetch
2025-11-11 01:43:11,148 - models.v2_data_pipeline.data_collectors.oecd_collector - WARNING - No observations returned for XGSV (ITA)
2025-11-11 01:43:11,150 - models.v2_data_pipeline.data_collectors.oecd_collector - INFO - Fetching OECD QNA: MGSV for ITA
2025-11-11 01:43:11,150 - models.v2_data_pipeline.data_collectors.utils - INFO - Attempt 1/4: _fetch
2025-11-11 01:43:12,908 - models.v2_data_pipeline.data_collectors.utils - WARNING - ✗ Attempt 1 failed: 429 Client Error: Too Many Requests for url: https://sdmx.oecd.org/public/rest/data/OECD.SDD.NAD,DSD_NAMAIN1@DF_QNA_EXPENDITURE_GROWTH_OECD/?format=jsondata
2025-11-11 01:43:12,908 - models.v2_data_pipeline.data_collectors.utils - INFO -   Retrying in 2.0 seconds...
2025-11-11 01:43:14,913 - models.v2_data_pipeline.data_collectors.utils - INFO - Attempt 2/4: _fetch
2025-11-11 01:43:15,417 - models.v2_data_pipeline.data_collectors.utils - WARNING - ✗ Attempt 2 failed: 429 Client Error: Too Many Requests for url: https://sdmx.oecd.org/public/rest/data/OECD.SDD.NAD,DSD_NAMAIN1@DF_QNA_EXPENDITURE_GROWTH_OECD/?format=jsondata
2025-11-11 01:43:15,417 - models.v2_data_pipeline.data_collectors.utils - INFO -   Retrying in 3.0 seconds...
2025-11-11 01:43:18,418 - models.v2_data_pipeline.data_collectors.utils - INFO - Attempt 3/4: _fetch
2025-11-11 01:43:18,973 - models.v2_data_pipeline.data_collectors.utils - WARNING - ✗ Attempt 3 failed: 429 Client Error: Too Many Requests for url: https://sdmx.oecd.org/public/rest/data/OECD.SDD.NAD,DSD_NAMAIN1@DF_QNA_EXPENDITURE_GROWTH_OECD/?format=jsondata
2025-11-11 01:43:18,974 - models.v2_data_pipeline.data_collectors.utils - INFO -   Retrying in 4.5 seconds...
2025-11-11 01:43:23,482 - models.v2_data_pipeline.data_collectors.utils - INFO - Attempt 4/4: _fetch
2025-11-11 01:43:24,099 - models.v2_data_pipeline.data_collectors.utils - ERROR - ✗ All 4 attempts failed: 429 Client Error: Too Many Requests for url: https://sdmx.oecd.org/public/rest/data/OECD.SDD.NAD,DSD_NAMAIN1@DF_QNA_EXPENDITURE_GROWTH_OECD/?format=jsondata
2025-11-11 01:43:24,100 - models.v2_data_pipeline.data_collectors.oecd_collector - ERROR - ✗ Failed to fetch MGSV (ITA): 429 Client Error: Too Many Requests for url: https://sdmx.oecd.org/public/rest/data/OECD.SDD.NAD,DSD_NAMAIN1@DF_QNA_EXPENDITURE_GROWTH_OECD/?format=jsondata
2025-11-11 01:43:24,100 - models.v2_data_pipeline.data_collectors.oecd_collector - INFO - Fetching OECD Employment: ITA
2025-11-11 01:43:24,100 - models.v2_data_pipeline.data_collectors.utils - INFO - Attempt 1/4: _fetch
2025-11-11 01:43:26,011 - models.v2_data_pipeline.data_collectors.utils - WARNING - ✗ Attempt 1 failed: 429 Client Error: Too Many Requests for url: https://sdmx.oecd.org/archive/rest/data/OECD,DF_ALFS_EMP/?format=jsondata
2025-11-11 01:43:26,011 - models.v2_data_pipeline.data_collectors.utils - INFO -   Retrying in 2.0 seconds...
2025-11-11 01:43:28,016 - models.v2_data_pipeline.data_collectors.utils - INFO - Attempt 2/4: _fetch
2025-11-11 01:43:28,512 - models.v2_data_pipeline.data_collectors.utils - WARNING - ✗ Attempt 2 failed: 429 Client Error: Too Many Requests for url: https://sdmx.oecd.org/archive/rest/data/OECD,DF_ALFS_EMP/?format=jsondata
2025-11-11 01:43:28,512 - models.v2_data_pipeline.data_collectors.utils - INFO -   Retrying in 3.0 seconds...
2025-11-11 01:43:31,517 - models.v2_data_pipeline.data_collectors.utils - INFO - Attempt 3/4: _fetch
2025-11-11 01:43:32,057 - models.v2_data_pipeline.data_collectors.utils - WARNING - ✗ Attempt 3 failed: 429 Client Error: Too Many Requests for url: https://sdmx.oecd.org/archive/rest/data/OECD,DF_ALFS_EMP/?format=jsondata
2025-11-11 01:43:32,057 - models.v2_data_pipeline.data_collectors.utils - INFO -   Retrying in 4.5 seconds...
2025-11-11 01:43:36,561 - models.v2_data_pipeline.data_collectors.utils - INFO - Attempt 4/4: _fetch
2025-11-11 01:43:37,048 - models.v2_data_pipeline.data_collectors.utils - ERROR - ✗ All 4 attempts failed: 429 Client Error: Too Many Requests for url: https://sdmx.oecd.org/archive/rest/data/OECD,DF_ALFS_EMP/?format=jsondata
2025-11-11 01:43:37,049 - models.v2_data_pipeline.data_collectors.oecd_collector - ERROR - ✗ Failed to fetch employment (ITA): 429 Client Error: Too Many Requests for url: https://sdmx.oecd.org/archive/rest/data/OECD,DF_ALFS_EMP/?format=jsondata
2025-11-11 01:43:37,049 - models.v2_data_pipeline.data_collectors.utils - INFO - Metadata saved to Data_v2/raw/oecd/metadata.json
